d:\graf\hazi1\programs\skeleton\skeleton\debug\vc120.pdb
d:\graf\hazi1\programs\skeleton\skeleton\debug\vc120.idb
d:\graf\hazi1\programs\skeleton\skeleton\debug\skeleton.obj
d:\3dprogramok\openglh\programs\skeleton\skeleton\debug\vc120.pdb
d:\3dprogramok\openglh\programs\skeleton\skeleton\debug\vc120.idb
d:\3dprogramok\openglh\programs\skeleton\skeleton\debug\skeleton.obj
c:\3dprogramok\grafikahazi\programs\skeleton\skeleton\debug\vc120.pdb
c:\3dprogramok\grafikahazi\programs\skeleton\skeleton\debug\vc120.idb
c:\3dprogramok\grafikahazi\programs\skeleton\skeleton\debug\skeleton.obj
c:\3dprogramok\grafikahazi\programs\skeleton\skeleton\debug\framework.obj
c:\users\lecso\documents\github\grafikahf1\programs\skeleton\skeleton\debug\vc143.pdb
c:\users\lecso\documents\github\grafikahf1\programs\skeleton\skeleton\debug\vc143.idb
c:\users\lecso\documents\github\grafikahf1\programs\skeleton\skeleton\debug\skeleton.obj
c:\users\lecso\documents\github\grafikahf1\programs\skeleton\skeleton\debug\framework.obj
d:\graf\hazi1\programs\skeleton\bin\skeleton.ilk
d:\graf\hazi1\programs\skeleton\bin\skeleton.exe
d:\graf\hazi1\programs\skeleton\bin\skeleton.pdb
c:\3dprogramok\grafikahazi\programs\skeleton\bin\skeleton.ilk
c:\3dprogramok\grafikahazi\programs\skeleton\bin\skeleton.exe
c:\3dprogramok\grafikahazi\programs\skeleton\bin\skeleton.pdb
c:\users\lecso\documents\github\grafikahf1\programs\skeleton\bin\skeleton.exe
c:\users\lecso\documents\github\grafikahf1\programs\skeleton\skeleton\debug\skeleton.ilk
c:\users\lecso\documents\github\grafikahf1\programs\skeleton\bin\skeleton.pdb
c:\users\lecso\documents\github\grafikahf1\programs\skeleton\bin\skeleton.ipdb
c:\users\lecso\documents\github\grafikahf1\programs\skeleton\bin\skeleton.iobj
c:\users\lecso\documents\github\grafikahf1\programs\skeleton\skeleton\debug\vc120.idb
c:\users\lecso\documents\github\grafikahf1\programs\skeleton\skeleton\debug\vc120.pdb
c:\users\lecso\documents\github\grafikahf1\programs\skeleton\skeleton\debug\skeleton.tlog\cl.command.1.tlog
c:\users\lecso\documents\github\grafikahf1\programs\skeleton\skeleton\debug\skeleton.tlog\cl.read.1.tlog
c:\users\lecso\documents\github\grafikahf1\programs\skeleton\skeleton\debug\skeleton.tlog\cl.write.1.tlog
c:\users\lecso\documents\github\grafikahf1\programs\skeleton\skeleton\debug\skeleton.tlog\link.command.1.tlog
c:\users\lecso\documents\github\grafikahf1\programs\skeleton\skeleton\debug\skeleton.tlog\link.read.1.tlog
c:\users\lecso\documents\github\grafikahf1\programs\skeleton\skeleton\debug\skeleton.tlog\link.write.1.tlog
c:\users\lecso\documents\github\grafikahf1\programs\skeleton\skeleton\debug\skeleton.tlog\skeleton.write.1u.tlog
